<?xml version="1.0" encoding="UTF-8"?>
<!-- Generated by org.testng.reporters.JUnitReportReporter -->
<testsuite skipped="2" hostname="amol-PC" name="practice_session.Title_DragDrop_MouseOver" tests="3" failures="0" timestamp="28 Oct 2017 04:30:06 GMT" time="9.307" errors="0">
  <testcase name="dragdrop" time="9.307" classname="practice_session.Title_DragDrop_MouseOver"/>
  <testcase name="mousehover" classname="practice_session.Title_DragDrop_MouseOver">
    <skipped/>
  </testcase> <!-- mousehover -->
  <testcase name="title" classname="practice_session.Title_DragDrop_MouseOver">
    <skipped/>
  </testcase> <!-- title -->
</testsuite> <!-- practice_session.Title_DragDrop_MouseOver -->
